<?xml version="1.0" encoding="UTF-8"?>
<robot generator="Robot 6.0.2 (Python 3.9.6 on darwin)" generated="20230406 13:33:20.140" rpa="false" schemaversion="3">
<suite id="s1" name="Feature A 1" source="/Users/s.chaichanamongkol/Desktop/Work/Robot/testcases/feature_a/feature_a_1.robot">
<test id="s1-t1" name="test_demo" line="13">
<kw name="Log" library="BuiltIn">
<arg>Num value is ${platform}</arg>
<arg>console=yes</arg>
<doc>Logs the given message with the given level.</doc>
<msg timestamp="20230406 13:33:20.658" level="INFO">Num value is uat</msg>
<status status="PASS" starttime="20230406 13:33:20.658" endtime="20230406 13:33:20.659"/>
</kw>
<kw name="Open App" library="common_keyword">
<kw name="Open Application" library="AppiumLibrary">
<arg>${REMOTE_URL}</arg>
<arg>platformName=${PLATFORM_NAME}</arg>
<arg>platformVersion=${PLATFORM_VERSION}</arg>
<arg>deviceName=${DEVICE_NAME}</arg>
<arg>app=${APP_LOCATION}</arg>
<arg>automationName=appium</arg>
<arg>bundleId=${BUNDLE_ID}</arg>
<doc>Opens a new application to given Appium server.
Capabilities of appium server, Android and iOS,
Please check https://github.com/appium/appium/blob/master/docs/en/writing-running-appium/server-args.md
| *Option*            | *Man.* | *Description*     |
| remote_url          | Yes    | Appium server url |
| alias               | no     | alias             |
| strict_ssl          | No     | allows you to send commands to an invalid certificate host like a self-signed one. |</doc>
<status status="PASS" starttime="20230406 13:33:20.659" endtime="20230406 13:33:29.912"/>
</kw>
<status status="PASS" starttime="20230406 13:33:20.659" endtime="20230406 13:33:29.912"/>
</kw>
<kw name="Close All Apps" library="common_keyword">
<kw name="Close All Applications" library="AppiumLibrary">
<doc>Closes all open applications.</doc>
<status status="PASS" starttime="20230406 13:33:29.912" endtime="20230406 13:33:30.971"/>
</kw>
<status status="PASS" starttime="20230406 13:33:29.912" endtime="20230406 13:33:30.974"/>
</kw>
<doc>As a user, I want to search for a product on the website.</doc>
<tag>search</tag>
<tag>smoke</tag>
<status status="PASS" starttime="20230406 13:33:20.658" endtime="20230406 13:33:30.974"/>
</test>
<status status="PASS" starttime="20230406 13:33:20.142" endtime="20230406 13:33:30.975"/>
</suite>
<statistics>
<total>
<stat pass="1" fail="0" skip="0">All Tests</stat>
</total>
<tag>
<stat pass="1" fail="0" skip="0">search</stat>
<stat pass="1" fail="0" skip="0">smoke</stat>
</tag>
<suite>
<stat pass="1" fail="0" skip="0" id="s1" name="Feature A 1">Feature A 1</stat>
</suite>
</statistics>
<errors>
</errors>
</robot>
