<?xml version="1.0" encoding="UTF-8"?>
<robot generator="Robot 6.0.2 (Python 3.9.6 on darwin)" generated="20230404 18:29:29.598" rpa="false" schemaversion="3">
<suite id="s1" name="Test" source="/Users/s.chaichanamongkol/Desktop/Work/Robot/test.robot">
<test id="s1-t1" name="test_demo" line="13">
<kw name="Open App">
<kw name="Open Application" library="AppiumLibrary">
<arg>${REMOTE_URL}</arg>
<arg>platformName=${PLATFORM_NAME}</arg>
<arg>platformVersion=${PLATFORM_VERSION}</arg>
<arg>deviceName=${DEVICE_NAME}</arg>
<arg>app=${APP_LOCATION}</arg>
<arg>automationName=appium</arg>
<arg>bundleId=${BUNDLE_ID}</arg>
<doc>Opens a new application to given Appium server.
Capabilities of appium server, Android and iOS,
Please check https://github.com/appium/appium/blob/master/docs/en/writing-running-appium/server-args.md
| *Option*            | *Man.* | *Description*     |
| remote_url          | Yes    | Appium server url |
| alias               | no     | alias             |
| strict_ssl          | No     | allows you to send commands to an invalid certificate host like a self-signed one. |</doc>
<kw name="Capture Page Screenshot" library="AppiumLibrary">
<doc>Takes a screenshot of the current page and embeds it into the log.</doc>
<status status="FAIL" starttime="20230404 18:30:14.072" endtime="20230404 18:30:14.073"/>
</kw>
<msg timestamp="20230404 18:30:14.074" level="WARN">Keyword 'Capture Page Screenshot' could not be run on failure: Execution terminated by signal</msg>
<status status="FAIL" starttime="20230404 18:29:30.021" endtime="20230404 18:30:14.074"/>
</kw>
<status status="FAIL" starttime="20230404 18:29:30.021" endtime="20230404 18:30:14.074"/>
</kw>
<kw name="Close All Apps">
<status status="NOT RUN" starttime="20230404 18:30:14.074" endtime="20230404 18:30:14.074"/>
</kw>
<status status="FAIL" starttime="20230404 18:29:30.021" endtime="20230404 18:30:14.074">Execution terminated by signal</status>
</test>
<status status="FAIL" starttime="20230404 18:29:29.601" endtime="20230404 18:30:14.075"/>
</suite>
<statistics>
<total>
<stat pass="0" fail="1" skip="0">All Tests</stat>
</total>
<tag>
</tag>
<suite>
<stat pass="0" fail="1" skip="0" id="s1" name="Test">Test</stat>
</suite>
</statistics>
<errors>
<msg timestamp="20230404 18:30:14.074" level="WARN">Keyword 'Capture Page Screenshot' could not be run on failure: Execution terminated by signal</msg>
</errors>
</robot>
